<?xml version="1.0" encoding="UTF-8"?>
<testng-results ignored="0" total="2" passed="1" failed="1" skipped="0">
  <reporter-output>
  </reporter-output>
  <suite started-at="2023-10-29T01:00:00Z" name="TestNg" finished-at="2023-10-29T01:00:09Z" duration-ms="9395">
    <groups>
      <group name="cucumber">
        <method signature="AbstractTestNGCucumberTests.runScenario(io.cucumber.testng.PickleWrapper, io.cucumber.testng.FeatureWrapper)[pri:0, instance:TestCase.Add_Car_Fuel_Consumption_Tracker_Csvfile_Test@932bc4a]" name="runScenario" class="io.cucumber.testng.AbstractTestNGCucumberTests"/>
        <method signature="AbstractTestNGCucumberTests.runScenario(io.cucumber.testng.PickleWrapper, io.cucumber.testng.FeatureWrapper)[pri:0, instance:TestCase.Delete_Car_Fuel_Consumption_Tracker_Csvfile_Test@d29f28]" name="runScenario" class="io.cucumber.testng.AbstractTestNGCucumberTests"/>
      </group> <!-- cucumber -->
    </groups>
    <test started-at="2023-10-29T01:00:00Z" name="chromeTest" finished-at="2023-10-29T01:00:09Z" duration-ms="9395">
      <class name="TestCase.Add_Car_Fuel_Consumption_Tracker_Csvfile_Test">
        <test-method is-config="true" signature="setUpClass(org.testng.ITestContext)[pri:0, instance:TestCase.Add_Car_Fuel_Consumption_Tracker_Csvfile_Test@932bc4a]" started-at="2023-10-29T01:00:00Z" name="setUpClass" finished-at="2023-10-29T01:00:00Z" duration-ms="110" status="PASS">
          <params>
            <param index="0">
              <value>
                <![CDATA[org.testng.TestRunner@21ba2445]]>
              </value>
            </param>
          </params>
          <reporter-output>
          </reporter-output>
        </test-method> <!-- setUpClass -->
        <test-method is-config="true" signature="startDriver(java.lang.String)[pri:0, instance:TestCase.Add_Car_Fuel_Consumption_Tracker_Csvfile_Test@932bc4a]" started-at="2023-10-29T01:00:00Z" name="startDriver" finished-at="2023-10-29T01:00:02Z" duration-ms="2197" status="PASS">
          <params>
            <param index="0">
              <value>
                <![CDATA[chrome]]>
              </value>
            </param>
          </params>
          <reporter-output>
          </reporter-output>
        </test-method> <!-- startDriver -->
        <test-method signature="Add_Valid_Car_Fuel_Consumption_Tracker()[pri:0, instance:TestCase.Add_Car_Fuel_Consumption_Tracker_Csvfile_Test@932bc4a]" started-at="2023-10-29T01:00:02Z" name="Add_Valid_Car_Fuel_Consumption_Tracker" description="Adding a data in the ( Saving Records )" finished-at="2023-10-29T01:00:06Z" duration-ms="3842" status="PASS">
          <reporter-output>
          </reporter-output>
        </test-method> <!-- Add_Valid_Car_Fuel_Consumption_Tracker -->
        <test-method is-config="true" signature="closeDriver(org.testng.ITestResult)[pri:0, instance:TestCase.Add_Car_Fuel_Consumption_Tracker_Csvfile_Test@932bc4a]" started-at="2023-10-29T01:00:06Z" name="closeDriver" finished-at="2023-10-29T01:00:06Z" duration-ms="122" status="PASS">
          <params>
            <param index="0">
              <value>
                <![CDATA[[TestResult name=Add_Valid_Car_Fuel_Consumption_Tracker status=SUCCESS method=Add_Car_Fuel_Consumption_Tracker_Csvfile_Test.Add_Valid_Car_Fuel_Consumption_Tracker()[pri:0, instance:TestCase.Add_Car_Fuel_Consumption_Tracker_Csvfile_Test@932bc4a] output={null}]]]>
              </value>
            </param>
          </params>
          <reporter-output>
          </reporter-output>
        </test-method> <!-- closeDriver -->
        <test-method is-config="true" signature="tearDownClass()[pri:0, instance:TestCase.Add_Car_Fuel_Consumption_Tracker_Csvfile_Test@932bc4a]" started-at="2023-10-29T01:00:06Z" name="tearDownClass" finished-at="2023-10-29T01:00:06Z" duration-ms="4" status="PASS">
          <reporter-output>
          </reporter-output>
        </test-method> <!-- tearDownClass -->
      </class> <!-- TestCase.Add_Car_Fuel_Consumption_Tracker_Csvfile_Test -->
      <class name="TestCase.Delete_Car_Fuel_Consumption_Tracker_Csvfile_Test">
        <test-method is-config="true" signature="setUpClass(org.testng.ITestContext)[pri:0, instance:TestCase.Delete_Car_Fuel_Consumption_Tracker_Csvfile_Test@d29f28]" started-at="2023-10-29T01:00:06Z" name="setUpClass" finished-at="2023-10-29T01:00:06Z" duration-ms="10" status="PASS">
          <params>
            <param index="0">
              <value>
                <![CDATA[org.testng.TestRunner@21ba2445]]>
              </value>
            </param>
          </params>
          <reporter-output>
          </reporter-output>
        </test-method> <!-- setUpClass -->
        <test-method is-config="true" signature="startDriver(java.lang.String)[pri:0, instance:TestCase.Delete_Car_Fuel_Consumption_Tracker_Csvfile_Test@d29f28]" started-at="2023-10-29T01:00:06Z" name="startDriver" finished-at="2023-10-29T01:00:08Z" duration-ms="1701" status="PASS">
          <params>
            <param index="0">
              <value>
                <![CDATA[chrome]]>
              </value>
            </param>
          </params>
          <reporter-output>
          </reporter-output>
        </test-method> <!-- startDriver -->
        <test-method signature="Add_Valid_Car_Fuel_Consumption_Tracker()[pri:0, instance:TestCase.Delete_Car_Fuel_Consumption_Tracker_Csvfile_Test@d29f28]" started-at="2023-10-29T01:00:08Z" name="Add_Valid_Car_Fuel_Consumption_Tracker" description="Adding a data in the ( Saving Records )" finished-at="2023-10-29T01:00:09Z" duration-ms="1140" status="FAIL">
          <exception class="java.lang.ClassCastException">
            <message>
              <![CDATA[class org.openqa.selenium.remote.RemoteWebElement cannot be cast to class java.util.List (org.openqa.selenium.remote.RemoteWebElement is in unnamed module of loader 'app'; java.util.List is in module java.base of loader 'bootstrap')]]>
            </message>
            <full-stacktrace>
              <![CDATA[java.lang.ClassCastException: class org.openqa.selenium.remote.RemoteWebElement cannot be cast to class java.util.List (org.openqa.selenium.remote.RemoteWebElement is in unnamed module of loader 'app'; java.util.List is in module java.base of loader 'bootstrap')
at Pages.CarFuelConsumptionTracker.Delete_Car_Fuel_Consumption_Tracker(CarFuelConsumptionTracker.java:44)
at TestCase.Delete_Car_Fuel_Consumption_Tracker_Csvfile_Test.Add_Valid_Car_Fuel_Consumption_Tracker(Delete_Car_Fuel_Consumption_Tracker_Csvfile_Test.java:34)
at java.base/jdk.internal.reflect.NativeMethodAccessorImpl.invoke0(Native Method)
at java.base/jdk.internal.reflect.NativeMethodAccessorImpl.invoke(NativeMethodAccessorImpl.java:77)
at java.base/jdk.internal.reflect.DelegatingMethodAccessorImpl.invoke(DelegatingMethodAccessorImpl.java:43)
at java.base/java.lang.reflect.Method.invoke(Method.java:568)
at org.testng.internal.MethodInvocationHelper.invokeMethod(MethodInvocationHelper.java:124)
at org.testng.internal.Invoker.invokeMethod(Invoker.java:583)
at org.testng.internal.Invoker.invokeTestMethod(Invoker.java:719)
at org.testng.internal.Invoker.invokeTestMethods(Invoker.java:989)
at org.testng.internal.TestMethodWorker.invokeTestMethods(TestMethodWorker.java:125)
at org.testng.internal.TestMethodWorker.run(TestMethodWorker.java:109)
at org.testng.TestRunner.privateRun(TestRunner.java:648)
at org.testng.TestRunner.run(TestRunner.java:505)
at org.testng.SuiteRunner.runTest(SuiteRunner.java:455)
at org.testng.SuiteRunner.runSequentially(SuiteRunner.java:450)
at org.testng.SuiteRunner.privateRun(SuiteRunner.java:415)
at org.testng.SuiteRunner.run(SuiteRunner.java:364)
at org.testng.SuiteRunnerWorker.runSuite(SuiteRunnerWorker.java:52)
at org.testng.SuiteRunnerWorker.run(SuiteRunnerWorker.java:84)
at org.testng.TestNG.runSuitesSequentially(TestNG.java:1208)
at org.testng.TestNG.runSuitesLocally(TestNG.java:1137)
at org.testng.TestNG.runSuites(TestNG.java:1049)
at org.testng.TestNG.run(TestNG.java:1017)
at org.apache.maven.surefire.testng.TestNGExecutor.run(TestNGExecutor.java:283)
at org.apache.maven.surefire.testng.TestNGXmlTestSuite.execute(TestNGXmlTestSuite.java:75)
at org.apache.maven.surefire.testng.TestNGProvider.invoke(TestNGProvider.java:120)
at org.apache.maven.surefire.booter.ForkedBooter.invokeProviderInSameClassLoader(ForkedBooter.java:384)
at org.apache.maven.surefire.booter.ForkedBooter.runSuitesInProcess(ForkedBooter.java:345)
at org.apache.maven.surefire.booter.ForkedBooter.execute(ForkedBooter.java:126)
at org.apache.maven.surefire.booter.ForkedBooter.main(ForkedBooter.java:418)
]]>
            </full-stacktrace>
          </exception> <!-- java.lang.ClassCastException -->
          <reporter-output>
          </reporter-output>
        </test-method> <!-- Add_Valid_Car_Fuel_Consumption_Tracker -->
        <test-method is-config="true" signature="closeDriver(org.testng.ITestResult)[pri:0, instance:TestCase.Delete_Car_Fuel_Consumption_Tracker_Csvfile_Test@d29f28]" started-at="2023-10-29T01:00:09Z" name="closeDriver" finished-at="2023-10-29T01:00:09Z" duration-ms="155" status="PASS">
          <params>
            <param index="0">
              <value>
                <![CDATA[[TestResult name=Add_Valid_Car_Fuel_Consumption_Tracker status=FAILURE method=Delete_Car_Fuel_Consumption_Tracker_Csvfile_Test.Add_Valid_Car_Fuel_Consumption_Tracker()[pri:0, instance:TestCase.Delete_Car_Fuel_Consumption_Tracker_Csvfile_Test@d29f28] output={null}]]]>
              </value>
            </param>
          </params>
          <reporter-output>
          </reporter-output>
        </test-method> <!-- closeDriver -->
        <test-method is-config="true" signature="tearDownClass()[pri:0, instance:TestCase.Delete_Car_Fuel_Consumption_Tracker_Csvfile_Test@d29f28]" started-at="2023-10-29T01:00:09Z" name="tearDownClass" finished-at="2023-10-29T01:00:09Z" duration-ms="0" status="PASS">
          <reporter-output>
          </reporter-output>
        </test-method> <!-- tearDownClass -->
      </class> <!-- TestCase.Delete_Car_Fuel_Consumption_Tracker_Csvfile_Test -->
    </test> <!-- chromeTest -->
  </suite> <!-- TestNg -->
</testng-results>
